<?xml version="1.0" encoding="UTF-8"?>
<coverage generated="1709646879753" clover="3.2.0">
  <project timestamp="1709646879754" name="All files">
    <metrics statements="103" coveredstatements="38" conditionals="43" coveredconditionals="17" methods="14" coveredmethods="3" elements="160" coveredelements="58" complexity="0" loc="103" ncloc="103" packages="1" files="1" classes="1"/>
    <file name="vsComputer.js" path="C:\Users\marku\Desktop\Main\project\vsComputer.js">
      <metrics statements="103" coveredstatements="38" conditionals="43" coveredconditionals="17" methods="14" coveredmethods="3"/>
      <line num="3" count="1" type="stmt"/>
      <line num="4" count="1" type="stmt"/>
      <line num="5" count="1" type="stmt"/>
      <line num="6" count="1" type="stmt"/>
      <line num="7" count="1" type="stmt"/>
      <line num="8" count="1" type="stmt"/>
      <line num="10" count="1" type="stmt"/>
      <line num="11" count="0" type="stmt"/>
      <line num="12" count="0" type="stmt"/>
      <line num="13" count="0" type="stmt"/>
      <line num="16" count="0" type="stmt"/>
      <line num="17" count="0" type="stmt"/>
      <line num="18" count="0" type="stmt"/>
      <line num="19" count="0" type="cond" truecount="0" falsecount="2"/>
      <line num="22" count="0" type="stmt"/>
      <line num="23" count="0" type="stmt"/>
      <line num="24" count="0" type="stmt"/>
      <line num="29" count="0" type="cond" truecount="0" falsecount="5"/>
      <line num="30" count="0" type="stmt"/>
      <line num="31" count="0" type="stmt"/>
      <line num="32" count="0" type="stmt"/>
      <line num="33" count="0" type="stmt"/>
      <line num="35" count="0" type="stmt"/>
      <line num="36" count="0" type="stmt"/>
      <line num="37" count="0" type="cond" truecount="0" falsecount="5"/>
      <line num="38" count="0" type="cond" truecount="0" falsecount="2"/>
      <line num="39" count="0" type="stmt"/>
      <line num="42" count="0" type="stmt"/>
      <line num="46" count="0" type="stmt"/>
      <line num="49" count="0" type="stmt"/>
      <line num="50" count="0" type="stmt"/>
      <line num="51" count="0" type="stmt"/>
      <line num="53" count="0" type="stmt"/>
      <line num="54" count="0" type="stmt"/>
      <line num="55" count="0" type="stmt"/>
      <line num="58" count="0" type="stmt"/>
      <line num="59" count="0" type="stmt"/>
      <line num="60" count="0" type="stmt"/>
      <line num="61" count="0" type="cond" truecount="0" falsecount="2"/>
      <line num="62" count="0" type="stmt"/>
      <line num="63" count="0" type="stmt"/>
      <line num="64" count="0" type="stmt"/>
      <line num="65" count="0" type="cond" truecount="0" falsecount="2"/>
      <line num="66" count="0" type="stmt"/>
      <line num="67" count="0" type="stmt"/>
      <line num="71" count="0" type="cond" truecount="0" falsecount="2"/>
      <line num="72" count="0" type="stmt"/>
      <line num="73" count="0" type="stmt"/>
      <line num="74" count="0" type="stmt"/>
      <line num="75" count="0" type="stmt"/>
      <line num="76" count="0" type="stmt"/>
      <line num="80" count="0" type="stmt"/>
      <line num="81" count="0" type="stmt"/>
      <line num="82" count="0" type="stmt"/>
      <line num="84" count="0" type="stmt"/>
      <line num="87" count="1" type="stmt"/>
      <line num="88" count="1" type="cond" truecount="1" falsecount="1"/>
      <line num="89" count="0" type="stmt"/>
      <line num="91" count="1" type="cond" truecount="1" falsecount="1"/>
      <line num="92" count="0" type="stmt"/>
      <line num="96" count="0" type="stmt"/>
      <line num="97" count="0" type="stmt"/>
      <line num="99" count="0" type="stmt"/>
      <line num="100" count="0" type="stmt"/>
      <line num="101" count="0" type="stmt"/>
      <line num="102" count="0" type="stmt"/>
      <line num="105" count="0" type="stmt"/>
      <line num="106" count="0" type="cond" truecount="0" falsecount="2"/>
      <line num="107" count="0" type="stmt"/>
      <line num="109" count="0" type="cond" truecount="0" falsecount="2"/>
      <line num="110" count="0" type="stmt"/>
      <line num="113" count="0" type="stmt"/>
      <line num="115" count="0" type="stmt"/>
      <line num="116" count="0" type="stmt"/>
      <line num="117" count="0" type="stmt"/>
      <line num="120" count="303" type="stmt"/>
      <line num="121" count="303" type="cond" truecount="2" falsecount="0"/>
      <line num="122" count="141" type="stmt"/>
      <line num="124" count="162" type="cond" truecount="2" falsecount="0"/>
      <line num="125" count="84" type="stmt"/>
      <line num="126" count="84" type="stmt"/>
      <line num="127" count="756" type="cond" truecount="2" falsecount="0"/>
      <line num="128" count="156" type="stmt"/>
      <line num="129" count="156" type="stmt"/>
      <line num="130" count="156" type="stmt"/>
      <line num="131" count="156" type="stmt"/>
      <line num="134" count="84" type="stmt"/>
      <line num="137" count="78" type="stmt"/>
      <line num="138" count="78" type="stmt"/>
      <line num="139" count="702" type="cond" truecount="2" falsecount="0"/>
      <line num="140" count="144" type="stmt"/>
      <line num="141" count="144" type="stmt"/>
      <line num="142" count="144" type="stmt"/>
      <line num="143" count="144" type="stmt"/>
      <line num="146" count="78" type="stmt"/>
      <line num="150" count="309" type="stmt"/>
      <line num="151" count="2003" type="stmt"/>
      <line num="152" count="2003" type="cond" truecount="5" falsecount="0"/>
      <line num="153" count="107" type="stmt"/>
      <line num="156" count="202" type="cond" truecount="2" falsecount="0"/>
      <line num="159" count="1" type="stmt"/>
      <line num="164" count="1" type="stmt"/>
      <line num="170" count="1" type="stmt"/>
    </file>
  </project>
</coverage>
