{"C:\\Users\\marku\\Desktop\\Main\\project\\vsComputer.js": {"path":"C:\\Users\\marku\\Desktop\\Main\\project\\vsComputer.js","statementMap":{"0":{"start":{"line":3,"column":15},"end":{"line":3,"column":16}},"1":{"start":{"line":4,"column":11},"end":{"line":4,"column":15}},"2":{"start":{"line":5,"column":17},"end":{"line":5,"column":18}},"3":{"start":{"line":6,"column":18},"end":{"line":6,"column":22}},"4":{"start":{"line":7,"column":11},"end":{"line":7,"column":21}},"5":{"start":{"line":8,"column":12},"end":{"line":8,"column":13}},"6":{"start":{"line":10,"column":0},"end":{"line":26,"column":3}},"7":{"start":{"line":11,"column":26},"end":{"line":11,"column":62}},"8":{"start":{"line":12,"column":4},"end":{"line":14,"column":7}},"9":{"start":{"line":13,"column":8},"end":{"line":13,"column":20}},"10":{"start":{"line":16,"column":21},"end":{"line":16,"column":58}},"11":{"start":{"line":17,"column":4},"end":{"line":20,"column":7}},"12":{"start":{"line":18,"column":8},"end":{"line":18,"column":32}},"13":{"start":{"line":19,"column":8},"end":{"line":19,"column":66}},"14":{"start":{"line":22,"column":15},"end":{"line":22,"column":54}},"15":{"start":{"line":23,"column":4},"end":{"line":25,"column":7}},"16":{"start":{"line":24,"column":8},"end":{"line":24,"column":60}},"17":{"start":{"line":29,"column":4},"end":{"line":34,"column":5}},"18":{"start":{"line":30,"column":8},"end":{"line":30,"column":31}},"19":{"start":{"line":31,"column":8},"end":{"line":31,"column":26}},"20":{"start":{"line":32,"column":8},"end":{"line":32,"column":21}},"21":{"start":{"line":33,"column":8},"end":{"line":33,"column":21}},"22":{"start":{"line":35,"column":15},"end":{"line":35,"column":36}},"23":{"start":{"line":36,"column":4},"end":{"line":36,"column":25}},"24":{"start":{"line":37,"column":4},"end":{"line":45,"column":5}},"25":{"start":{"line":38,"column":8},"end":{"line":43,"column":9}},"26":{"start":{"line":39,"column":12},"end":{"line":39,"column":27}},"27":{"start":{"line":42,"column":12},"end":{"line":42,"column":29}},"28":{"start":{"line":46,"column":4},"end":{"line":46,"column":25}},"29":{"start":{"line":49,"column":12},"end":{"line":49,"column":41}},"30":{"start":{"line":50,"column":4},"end":{"line":52,"column":5}},"31":{"start":{"line":51,"column":8},"end":{"line":51,"column":42}},"32":{"start":{"line":53,"column":4},"end":{"line":53,"column":64}},"33":{"start":{"line":54,"column":4},"end":{"line":54,"column":17}},"34":{"start":{"line":55,"column":4},"end":{"line":55,"column":16}},"35":{"start":{"line":58,"column":20},"end":{"line":58,"column":29}},"36":{"start":{"line":59,"column":15},"end":{"line":59,"column":19}},"37":{"start":{"line":60,"column":4},"end":{"line":70,"column":5}},"38":{"start":{"line":60,"column":17},"end":{"line":60,"column":18}},"39":{"start":{"line":61,"column":8},"end":{"line":69,"column":9}},"40":{"start":{"line":62,"column":12},"end":{"line":62,"column":26}},"41":{"start":{"line":63,"column":24},"end":{"line":63,"column":47}},"42":{"start":{"line":64,"column":12},"end":{"line":64,"column":25}},"43":{"start":{"line":65,"column":12},"end":{"line":68,"column":13}},"44":{"start":{"line":66,"column":16},"end":{"line":66,"column":34}},"45":{"start":{"line":67,"column":16},"end":{"line":67,"column":25}},"46":{"start":{"line":71,"column":4},"end":{"line":77,"column":5}},"47":{"start":{"line":72,"column":8},"end":{"line":72,"column":71}},"48":{"start":{"line":73,"column":8},"end":{"line":73,"column":29}},"49":{"start":{"line":74,"column":8},"end":{"line":74,"column":21}},"50":{"start":{"line":75,"column":8},"end":{"line":75,"column":20}},"51":{"start":{"line":76,"column":8},"end":{"line":76,"column":29}},"52":{"start":{"line":80,"column":15},"end":{"line":80,"column":17}},"53":{"start":{"line":81,"column":4},"end":{"line":83,"column":5}},"54":{"start":{"line":81,"column":17},"end":{"line":81,"column":18}},"55":{"start":{"line":82,"column":8},"end":{"line":82,"column":67}},"56":{"start":{"line":84,"column":4},"end":{"line":84,"column":16}},"57":{"start":{"line":87,"column":17},"end":{"line":87,"column":34}},"58":{"start":{"line":88,"column":4},"end":{"line":93,"column":5}},"59":{"start":{"line":89,"column":8},"end":{"line":89,"column":24}},"60":{"start":{"line":91,"column":9},"end":{"line":93,"column":5}},"61":{"start":{"line":92,"column":8},"end":{"line":92,"column":24}},"62":{"start":{"line":96,"column":4},"end":{"line":98,"column":7}},"63":{"start":{"line":97,"column":8},"end":{"line":97,"column":29}},"64":{"start":{"line":99,"column":4},"end":{"line":99,"column":23}},"65":{"start":{"line":100,"column":4},"end":{"line":100,"column":19}},"66":{"start":{"line":101,"column":4},"end":{"line":101,"column":16}},"67":{"start":{"line":102,"column":4},"end":{"line":102,"column":42}},"68":{"start":{"line":105,"column":4},"end":{"line":105,"column":25}},"69":{"start":{"line":106,"column":4},"end":{"line":114,"column":5}},"70":{"start":{"line":107,"column":8},"end":{"line":107,"column":39}},"71":{"start":{"line":109,"column":9},"end":{"line":114,"column":5}},"72":{"start":{"line":110,"column":8},"end":{"line":110,"column":44}},"73":{"start":{"line":113,"column":8},"end":{"line":113,"column":36}},"74":{"start":{"line":115,"column":4},"end":{"line":115,"column":37}},"75":{"start":{"line":116,"column":4},"end":{"line":116,"column":34}},"76":{"start":{"line":117,"column":4},"end":{"line":117,"column":32}},"77":{"start":{"line":120,"column":17},"end":{"line":120,"column":34}},"78":{"start":{"line":121,"column":4},"end":{"line":123,"column":5}},"79":{"start":{"line":122,"column":8},"end":{"line":122,"column":30}},"80":{"start":{"line":124,"column":4},"end":{"line":147,"column":5}},"81":{"start":{"line":125,"column":24},"end":{"line":125,"column":33}},"82":{"start":{"line":126,"column":8},"end":{"line":133,"column":9}},"83":{"start":{"line":126,"column":21},"end":{"line":126,"column":22}},"84":{"start":{"line":127,"column":12},"end":{"line":132,"column":13}},"85":{"start":{"line":128,"column":16},"end":{"line":128,"column":30}},"86":{"start":{"line":129,"column":28},"end":{"line":129,"column":59}},"87":{"start":{"line":130,"column":16},"end":{"line":130,"column":29}},"88":{"start":{"line":131,"column":16},"end":{"line":131,"column":55}},"89":{"start":{"line":134,"column":8},"end":{"line":134,"column":25}},"90":{"start":{"line":137,"column":24},"end":{"line":137,"column":32}},"91":{"start":{"line":138,"column":8},"end":{"line":145,"column":9}},"92":{"start":{"line":138,"column":21},"end":{"line":138,"column":22}},"93":{"start":{"line":139,"column":12},"end":{"line":144,"column":13}},"94":{"start":{"line":140,"column":16},"end":{"line":140,"column":30}},"95":{"start":{"line":141,"column":28},"end":{"line":141,"column":58}},"96":{"start":{"line":142,"column":16},"end":{"line":142,"column":29}},"97":{"start":{"line":143,"column":16},"end":{"line":143,"column":55}},"98":{"start":{"line":146,"column":8},"end":{"line":146,"column":25}},"99":{"start":{"line":150,"column":4},"end":{"line":155,"column":5}},"100":{"start":{"line":150,"column":17},"end":{"line":150,"column":18}},"101":{"start":{"line":151,"column":17},"end":{"line":151,"column":40}},"102":{"start":{"line":151,"column":46},"end":{"line":151,"column":51}},"103":{"start":{"line":151,"column":57},"end":{"line":151,"column":62}},"104":{"start":{"line":151,"column":68},"end":{"line":151,"column":73}},"105":{"start":{"line":152,"column":8},"end":{"line":154,"column":9}},"106":{"start":{"line":153,"column":12},"end":{"line":153,"column":27}},"107":{"start":{"line":156,"column":4},"end":{"line":156,"column":45}},"108":{"start":{"line":159,"column":13},"end":{"line":163,"column":1}},"109":{"start":{"line":164,"column":27},"end":{"line":168,"column":1}},"110":{"start":{"line":170,"column":0},"end":{"line":172,"column":37}}},"fnMap":{"0":{"name":"(anonymous_0)","decl":{"start":{"line":10,"column":46},"end":{"line":10,"column":47}},"loc":{"start":{"line":10,"column":58},"end":{"line":26,"column":1}},"line":10},"1":{"name":"(anonymous_1)","decl":{"start":{"line":12,"column":46},"end":{"line":12,"column":47}},"loc":{"start":{"line":12,"column":59},"end":{"line":14,"column":5}},"line":12},"2":{"name":"(anonymous_2)","decl":{"start":{"line":17,"column":41},"end":{"line":17,"column":42}},"loc":{"start":{"line":17,"column":47},"end":{"line":20,"column":5}},"line":17},"3":{"name":"(anonymous_3)","decl":{"start":{"line":23,"column":17},"end":{"line":23,"column":18}},"loc":{"start":{"line":23,"column":31},"end":{"line":25,"column":5}},"line":23},"4":{"name":"classTogglerComputer","decl":{"start":{"line":28,"column":9},"end":{"line":28,"column":29}},"loc":{"start":{"line":28,"column":32},"end":{"line":47,"column":1}},"line":28},"5":{"name":"randomMove","decl":{"start":{"line":48,"column":9},"end":{"line":48,"column":19}},"loc":{"start":{"line":48,"column":26},"end":{"line":56,"column":1}},"line":48},"6":{"name":"bestMove","decl":{"start":{"line":57,"column":9},"end":{"line":57,"column":17}},"loc":{"start":{"line":57,"column":24},"end":{"line":78,"column":1}},"line":57},"7":{"name":"getCurrentGridState","decl":{"start":{"line":79,"column":9},"end":{"line":79,"column":28}},"loc":{"start":{"line":79,"column":31},"end":{"line":85,"column":1}},"line":79},"8":{"name":"checkGameState","decl":{"start":{"line":86,"column":9},"end":{"line":86,"column":23}},"loc":{"start":{"line":86,"column":30},"end":{"line":94,"column":1}},"line":86},"9":{"name":"resetGame","decl":{"start":{"line":95,"column":9},"end":{"line":95,"column":18}},"loc":{"start":{"line":95,"column":21},"end":{"line":103,"column":1}},"line":95},"10":{"name":"(anonymous_10)","decl":{"start":{"line":96,"column":17},"end":{"line":96,"column":18}},"loc":{"start":{"line":96,"column":32},"end":{"line":98,"column":5}},"line":96},"11":{"name":"endGame","decl":{"start":{"line":104,"column":9},"end":{"line":104,"column":16}},"loc":{"start":{"line":104,"column":25},"end":{"line":118,"column":1}},"line":104},"12":{"name":"minimax","decl":{"start":{"line":119,"column":9},"end":{"line":119,"column":16}},"loc":{"start":{"line":119,"column":44},"end":{"line":148,"column":1}},"line":119},"13":{"name":"checkWinner","decl":{"start":{"line":149,"column":9},"end":{"line":149,"column":20}},"loc":{"start":{"line":149,"column":27},"end":{"line":157,"column":1}},"line":149}},"branchMap":{"0":{"loc":{"start":{"line":19,"column":31},"end":{"line":19,"column":65}},"type":"cond-expr","locations":[{"start":{"line":19,"column":48},"end":{"line":19,"column":54}},{"start":{"line":19,"column":57},"end":{"line":19,"column":65}}],"line":19},"1":{"loc":{"start":{"line":29,"column":4},"end":{"line":34,"column":5}},"type":"if","locations":[{"start":{"line":29,"column":4},"end":{"line":34,"column":5}},{"start":{},"end":{}}],"line":29},"2":{"loc":{"start":{"line":29,"column":8},"end":{"line":29,"column":63}},"type":"binary-expr","locations":[{"start":{"line":29,"column":8},"end":{"line":29,"column":31}},{"start":{"line":29,"column":35},"end":{"line":29,"column":55}},{"start":{"line":29,"column":59},"end":{"line":29,"column":63}}],"line":29},"3":{"loc":{"start":{"line":37,"column":4},"end":{"line":45,"column":5}},"type":"if","locations":[{"start":{"line":37,"column":4},"end":{"line":45,"column":5}},{"start":{},"end":{}}],"line":37},"4":{"loc":{"start":{"line":37,"column":8},"end":{"line":37,"column":57}},"type":"binary-expr","locations":[{"start":{"line":37,"column":8},"end":{"line":37,"column":28}},{"start":{"line":37,"column":32},"end":{"line":37,"column":37}},{"start":{"line":37,"column":41},"end":{"line":37,"column":57}}],"line":37},"5":{"loc":{"start":{"line":38,"column":8},"end":{"line":43,"column":9}},"type":"if","locations":[{"start":{"line":38,"column":8},"end":{"line":43,"column":9}},{"start":{"line":41,"column":13},"end":{"line":43,"column":9}}],"line":38},"6":{"loc":{"start":{"line":61,"column":8},"end":{"line":69,"column":9}},"type":"if","locations":[{"start":{"line":61,"column":8},"end":{"line":69,"column":9}},{"start":{},"end":{}}],"line":61},"7":{"loc":{"start":{"line":65,"column":12},"end":{"line":68,"column":13}},"type":"if","locations":[{"start":{"line":65,"column":12},"end":{"line":68,"column":13}},{"start":{},"end":{}}],"line":65},"8":{"loc":{"start":{"line":71,"column":4},"end":{"line":77,"column":5}},"type":"if","locations":[{"start":{"line":71,"column":4},"end":{"line":77,"column":5}},{"start":{},"end":{}}],"line":71},"9":{"loc":{"start":{"line":88,"column":4},"end":{"line":93,"column":5}},"type":"if","locations":[{"start":{"line":88,"column":4},"end":{"line":93,"column":5}},{"start":{"line":91,"column":9},"end":{"line":93,"column":5}}],"line":88},"10":{"loc":{"start":{"line":91,"column":9},"end":{"line":93,"column":5}},"type":"if","locations":[{"start":{"line":91,"column":9},"end":{"line":93,"column":5}},{"start":{},"end":{}}],"line":91},"11":{"loc":{"start":{"line":106,"column":4},"end":{"line":114,"column":5}},"type":"if","locations":[{"start":{"line":106,"column":4},"end":{"line":114,"column":5}},{"start":{"line":109,"column":9},"end":{"line":114,"column":5}}],"line":106},"12":{"loc":{"start":{"line":109,"column":9},"end":{"line":114,"column":5}},"type":"if","locations":[{"start":{"line":109,"column":9},"end":{"line":114,"column":5}},{"start":{"line":112,"column":9},"end":{"line":114,"column":5}}],"line":109},"13":{"loc":{"start":{"line":121,"column":4},"end":{"line":123,"column":5}},"type":"if","locations":[{"start":{"line":121,"column":4},"end":{"line":123,"column":5}},{"start":{},"end":{}}],"line":121},"14":{"loc":{"start":{"line":124,"column":4},"end":{"line":147,"column":5}},"type":"if","locations":[{"start":{"line":124,"column":4},"end":{"line":147,"column":5}},{"start":{"line":136,"column":9},"end":{"line":147,"column":5}}],"line":124},"15":{"loc":{"start":{"line":127,"column":12},"end":{"line":132,"column":13}},"type":"if","locations":[{"start":{"line":127,"column":12},"end":{"line":132,"column":13}},{"start":{},"end":{}}],"line":127},"16":{"loc":{"start":{"line":139,"column":12},"end":{"line":144,"column":13}},"type":"if","locations":[{"start":{"line":139,"column":12},"end":{"line":144,"column":13}},{"start":{},"end":{}}],"line":139},"17":{"loc":{"start":{"line":152,"column":8},"end":{"line":154,"column":9}},"type":"if","locations":[{"start":{"line":152,"column":8},"end":{"line":154,"column":9}},{"start":{},"end":{}}],"line":152},"18":{"loc":{"start":{"line":152,"column":12},"end":{"line":152,"column":72}},"type":"binary-expr","locations":[{"start":{"line":152,"column":12},"end":{"line":152,"column":26}},{"start":{"line":152,"column":30},"end":{"line":152,"column":49}},{"start":{"line":152,"column":53},"end":{"line":152,"column":72}}],"line":152},"19":{"loc":{"start":{"line":156,"column":11},"end":{"line":156,"column":44}},"type":"cond-expr","locations":[{"start":{"line":156,"column":31},"end":{"line":156,"column":35}},{"start":{"line":156,"column":38},"end":{"line":156,"column":44}}],"line":156}},"s":{"0":1,"1":1,"2":1,"3":1,"4":1,"5":1,"6":1,"7":0,"8":0,"9":0,"10":0,"11":0,"12":0,"13":0,"14":0,"15":0,"16":0,"17":0,"18":0,"19":0,"20":0,"21":0,"22":0,"23":0,"24":0,"25":0,"26":0,"27":0,"28":0,"29":0,"30":0,"31":0,"32":0,"33":0,"34":0,"35":0,"36":0,"37":0,"38":0,"39":0,"40":0,"41":0,"42":0,"43":0,"44":0,"45":0,"46":0,"47":0,"48":0,"49":0,"50":0,"51":0,"52":0,"53":0,"54":0,"55":0,"56":0,"57":1,"58":1,"59":0,"60":1,"61":0,"62":0,"63":0,"64":0,"65":0,"66":0,"67":0,"68":0,"69":0,"70":0,"71":0,"72":0,"73":0,"74":0,"75":0,"76":0,"77":303,"78":303,"79":141,"80":162,"81":84,"82":84,"83":84,"84":756,"85":156,"86":156,"87":156,"88":156,"89":84,"90":78,"91":78,"92":78,"93":702,"94":144,"95":144,"96":144,"97":144,"98":78,"99":309,"100":309,"101":2003,"102":2003,"103":2003,"104":2003,"105":2003,"106":107,"107":202,"108":1,"109":1,"110":1},"f":{"0":0,"1":0,"2":0,"3":0,"4":0,"5":0,"6":0,"7":0,"8":1,"9":0,"10":0,"11":0,"12":303,"13":309},"b":{"0":[0,0],"1":[0,0],"2":[0,0,0],"3":[0,0],"4":[0,0,0],"5":[0,0],"6":[0,0],"7":[0,0],"8":[0,0],"9":[0,1],"10":[0,1],"11":[0,0],"12":[0,0],"13":[141,162],"14":[84,78],"15":[156,600],"16":[144,558],"17":[107,1896],"18":[2003,1774,775],"19":[164,38]},"_coverageSchema":"1a1c01bbd47fc00a2c39e90264f33305004495a9","hash":"a53d2819daac37af1ebfce4b0c1f487a5e5dfe8e"}
}
