TN:
SF:vsComputer.js
FN:10,(anonymous_0)
FN:12,(anonymous_1)
FN:17,(anonymous_2)
FN:23,(anonymous_3)
FN:28,classTogglerComputer
FN:48,randomMove
FN:57,bestMove
FN:79,getCurrentGridState
FN:86,checkGameState
FN:95,resetGame
FN:96,(anonymous_10)
FN:104,endGame
FN:119,minimax
FN:149,checkWinner
FNF:14
FNH:3
FNDA:0,(anonymous_0)
FNDA:0,(anonymous_1)
FNDA:0,(anonymous_2)
FNDA:0,(anonymous_3)
FNDA:0,classTogglerComputer
FNDA:0,randomMove
FNDA:0,bestMove
FNDA:0,getCurrentGridState
FNDA:1,checkGameState
FNDA:0,resetGame
FNDA:0,(anonymous_10)
FNDA:0,endGame
FNDA:303,minimax
FNDA:309,checkWinner
DA:3,1
DA:4,1
DA:5,1
DA:6,1
DA:7,1
DA:8,1
DA:10,1
DA:11,0
DA:12,0
DA:13,0
DA:16,0
DA:17,0
DA:18,0
DA:19,0
DA:22,0
DA:23,0
DA:24,0
DA:29,0
DA:30,0
DA:31,0
DA:32,0
DA:33,0
DA:35,0
DA:36,0
DA:37,0
DA:38,0
DA:39,0
DA:42,0
DA:46,0
DA:49,0
DA:50,0
DA:51,0
DA:53,0
DA:54,0
DA:55,0
DA:58,0
DA:59,0
DA:60,0
DA:61,0
DA:62,0
DA:63,0
DA:64,0
DA:65,0
DA:66,0
DA:67,0
DA:71,0
DA:72,0
DA:73,0
DA:74,0
DA:75,0
DA:76,0
DA:80,0
DA:81,0
DA:82,0
DA:84,0
DA:87,1
DA:88,1
DA:89,0
DA:91,1
DA:92,0
DA:96,0
DA:97,0
DA:99,0
DA:100,0
DA:101,0
DA:102,0
DA:105,0
DA:106,0
DA:107,0
DA:109,0
DA:110,0
DA:113,0
DA:115,0
DA:116,0
DA:117,0
DA:120,303
DA:121,303
DA:122,141
DA:124,162
DA:125,84
DA:126,84
DA:127,756
DA:128,156
DA:129,156
DA:130,156
DA:131,156
DA:134,84
DA:137,78
DA:138,78
DA:139,702
DA:140,144
DA:141,144
DA:142,144
DA:143,144
DA:146,78
DA:150,309
DA:151,2003
DA:152,2003
DA:153,107
DA:156,202
DA:159,1
DA:164,1
DA:170,1
LF:103
LH:38
BRDA:19,0,0,0
BRDA:19,0,1,0
BRDA:29,1,0,0
BRDA:29,1,1,0
BRDA:29,2,0,0
BRDA:29,2,1,0
BRDA:29,2,2,0
BRDA:37,3,0,0
BRDA:37,3,1,0
BRDA:37,4,0,0
BRDA:37,4,1,0
BRDA:37,4,2,0
BRDA:38,5,0,0
BRDA:38,5,1,0
BRDA:61,6,0,0
BRDA:61,6,1,0
BRDA:65,7,0,0
BRDA:65,7,1,0
BRDA:71,8,0,0
BRDA:71,8,1,0
BRDA:88,9,0,0
BRDA:88,9,1,1
BRDA:91,10,0,0
BRDA:91,10,1,1
BRDA:106,11,0,0
BRDA:106,11,1,0
BRDA:109,12,0,0
BRDA:109,12,1,0
BRDA:121,13,0,141
BRDA:121,13,1,162
BRDA:124,14,0,84
BRDA:124,14,1,78
BRDA:127,15,0,156
BRDA:127,15,1,600
BRDA:139,16,0,144
BRDA:139,16,1,558
BRDA:152,17,0,107
BRDA:152,17,1,1896
BRDA:152,18,0,2003
BRDA:152,18,1,1774
BRDA:152,18,2,775
BRDA:156,19,0,164
BRDA:156,19,1,38
BRF:43
BRH:17
end_of_record
